
> todo-frontend@0.1.0 dev
> next dev

⚠ Port 3000 is in use by process 8752, using available port 3007 instead.
▲ Next.js 16.1.6 (Turbopack)
- Local:         http://localhost:3007
- Network:       http://192.168.0.36:3007
- Environments: .env

✓ Starting...
✓ Ready in 2s
○ Compiling / ...
[Auth] Initializing Better Auth...
[Auth] Better Auth initialized successfully
[Error [BetterAuthError]: Failed to initialize database adapter]
⨯ unhandledRejection: [Error [BetterAuthError]: Failed to initialize database adapter]
⨯ unhandledRejection:  [Error [BetterAuthError]: Failed to initialize database adapter]
⨯ [Error [BetterAuthError]: Failed to initialize database adapter] {
  digest: '3273661927'
}
 GET / 500 in 10.0s (compile: 8.9s, render: 1075ms)
✓ Compiled in 911ms
Persisting failed: Unable to write SST file 00000046.sst

Caused by:
    The system cannot find the path specified. (os error 3)
Persisting failed: Another write batch or compaction is already active (Only a single write operations is allowed at a time)
Persisting failed: Another write batch or compaction is already active (Only a single write operations is allowed at a time)
Persisting failed: Another write batch or compaction is already active (Only a single write operations is allowed at a time)
Persisting failed: Another write batch or compaction is already active (Only a single write operations is allowed at a time)
Persisting failed: Another write batch or compaction is already active (Only a single write operations is allowed at a time)
Persisting failed: Another write batch or compaction is already active (Only a single write operations is allowed at a time)

thread 'tokio-runtime-worker' (12120) panicked at C:\actions-runner\_work\next.js\next.js\turbopack\crates\turbo-tasks-backend\src\backend\operation\mod.rs:156:17:
Failed to restore task data (corrupted database or bug): Meta for ResolveOrigin::resolve_options (TaskId 191985))

Caused by:
    0: Looking up data for TaskId 191985 from database failed
    1: Unable to open static sorted file referenced from 00000042.meta
    2: Unable to open static sorted file 00000037.sst
    3: The system cannot find the file specified. (os error 2)
note: run with `RUST_BACKTRACE=1` environment variable to display a backtrace

thread 'tokio-runtime-worker' (3464) panicked at C:\actions-runner\_work\next.js\next.js\turbopack\crates\turbo-tasks-backend\src\backend\operation\mod.rs:156:17:
Failed to restore task data (corrupted database or bug): Meta for WebpackLoaders::new (TaskId 192060))

Caused by:
    0: Looking up data for TaskId 192060 from database failed
    1: Unable to open static sorted file referenced from 00000042.meta
    2: Unable to open static sorted file 00000037.sst
    3: The system cannot find the file specified. (os error 2)
  Reload env: .env
Persisting failed: Another write batch or compaction is already active (Only a single write operations is allowed at a time)
Persisting failed: Another write batch or compaction is already active (Only a single write operations is allowed at a time)
Persisting failed: Another write batch or compaction is already active (Only a single write operations is allowed at a time)
Persisting failed: Another write batch or compaction is already active (Only a single write operations is allowed at a time)
Persisting failed: Another write batch or compaction is already active (Only a single write operations is allowed at a time)
rc\backend\operation\mod.rs:156:17:
Failed to restore task data (corrupted database or bug): Meta for <FileSource as Asset>::content (TaskId 189756))

Caused by:
    0: Looking up data for TaskId 189756 from database failed
    1: Unable to open static sorted file referenced from 00000058.meta
    2: Unable to open static sorted file 00000055.sst
    3: The system cannot find the file specified. (os error 2)

-----
[1m[31mFATAL[39m[0m: An unexpected Turbopack error occurred. A panic log has been written to C:\Users\HP\AppData\Local\Temp\next-panic-12d6c3ab22d9e4151a1d19ab161fa8c.log.

To help make Turbopack better, report this error by clicking here: https://github.com/vercel/next.js/discussions/new?category=turbopack-error-report&title=Turbopack%20Error%3A%20Failed%20to%20write%20app%20endpoint%20%2Fapi%2Fauth%2F%5B...all%5D%2Froute&body=Turbopack%20version%3A%20%6023c46498%60%0ANext.js%20version%3A%20%600.0.0%60%0A%0AError%20message%3A%0A%60%60%60%0ATurbopack%20Error%3A%20Failed%20to%20write%20app%20endpoint%20%2Fapi%2Fauth%2F%5B...all%5D%2Froute%0A%60%60%60&labels=Turbopack,Turbopack%20Panic%20Backtrace
-----


thread 'tokio-runtime-worker' (2548) panicked at turbopack\crates\turbo-persistence\src\static_sorted_file.rs:387:51:
range start index 18446744073709549983 out of range for slice of length 79

thread 'tokio-runtime-worker' (13188) panicked at turbopack\crates\turbo-persistence\src\static_sorted_file.rs:387:51:
range start index 18446744073709549983 out of range for slice of length 79
○ Compiling /_error ...
Persisting failed: Another write batch or compaction is already active (Only a single write operations is allowed at a time)
Persisting failed: Another write batch or compaction is already active (Only a single write operations is allowed at a time)

thread 'tokio-runtime-worker' (3336) panicked at C:\actions-runner\_work\next.js\next.js\turbopack\crates\turbo-tasks-backend\src\backend\operation\mod.rs:156:17:
Failed to restore task data (corrupted database or bug): Meta for ResolveOrigin::resolve_options (TaskId 189842))

Caused by:
    0: Looking up data for TaskId 189842 from database failed
    1: Unable to open static sorted file referenced from 00000058.meta
    2: Unable to open static sorted file 00000055.sst
    3: The system cannot find the file specified. (os error 2)

thread 'tokio-runtime-worker' (13188) panicked at C:\actions-runner\_work\next.js\next.js\turbopack\crates\turbo-tasks-backend\src\backend\operation\mod.rs:156:17:
Failed to restore task data (corrupted database or bug): Meta for Request::parse_inner (TaskId 189841))

Caused by:
    0: Looking up data for TaskId 189841 from database failed
    1: Unable to open static sorted file referenced from 00000052.meta
    2: Unable to open static sorted file 00000048.sst
    3: The system cannot find the file specified. (os error 2)

-----
[1m[31mFATAL[39m[0m: An unexpected Turbopack error occurred. A panic log has been written to C:\Users\HP\AppData\Local\Temp\next-panic-12d6c3ab22d9e4151a1d19ab161fa8c.log.

To help make Turbopack better, report this error by clicking here: https://github.com/vercel/next.js/discussions/new?category=turbopack-error-report&title=Turbopack%20Error%3A%20%5Bproject%5D%2Fapp%2Fpage.tsx%20%5Bapp-rsc%5D%20%28ecmascript%29&body=Turbopack%20version%3A%20%6023c46498%60%0ANext.js%20version%3A%20%600.0.0%60%0A%0AError%20message%3A%0A%60%60%60%0ATurbopack%20Error%3A%20%5Bproject%5D%2Fapp%2Fpage.tsx%20%5Bapp-rsc%5D%20%28ecmascript%29%0A%60%60%60&labels=Turbopack,Turbopack%20Panic%20Backtrace
-----


thread 'tokio-runtime-worker' (2548) panicked at C:\actions-runner\_work\next.js\next.js\turbopack\crates\turbo-tasks-backend\src\backend\operation\mod.rs:156:17:
Failed to restore task data (corrupted database or bug): Meta for <ModuleAssetContext as AssetContext>::resolve_asset (TaskId 189855))

Caused by:
    0: Looking up data for TaskId 189855 from database failed
    1: Unable to open static sorted file referenced from 00000052.meta
    2: Unable to open static sorted file 00000048.sst
    3: The system cannot find the file specified. (os error 2)
  Reload env: .env
Persisting failed: Another write batch or compaction is already active (Only a single write operations is allowed at a time)
Persisting failed: Another write batch or compaction is already active (Only a single write operations is allowed at a time)
Persisting failed: Another write batch or compaction is already active (Only a single write operations is allowed at a time)
Persisting failed: Another write batch or compaction is already active (Only a single write operations is allowed at a time)
Persisting failed: Another write batch or compaction is already active (Only a single write operations is allowed at a time)

thread 'tokio-runtime-worker' (7112) panicked at C:\actions-runner\_work\next.js\next.js\turbopack\crates\turbo-tasks-backend\src\backend\operation\mod.rs:156:17:
Failed to restore task data (corrupted database or bug): Meta for <NodeJsChunkingContext as ChunkingContext>::is_reference_unused (TaskId 189908))

Caused by:
    0: Looking up data for TaskId 189908 from database failed
    1: Unable to open static sorted file referenced from 00000040.meta
    2: Unable to open static sorted file 00000036.sst
    3: The system cannot find the file specified. (os error 2)

-----
[1m[31mFATAL[39m[0m: An unexpected Turbopack error occurred. A panic log has been written to C:\Users\HP\AppData\Local\Temp\next-panic-12d6c3ab22d9e4151a1d19ab161fa8c.log.

To help make Turbopack better, report this error by clicking here: https://github.com/vercel/next.js/discussions/new?category=turbopack-error-report&title=Turbopack%20Error%3A%20Failed%20to%20write%20app%20endpoint%20%2Fpage&body=Turbopack%20version%3A%20%6023c46498%60%0ANext.js%20version%3A%20%600.0.0%60%0A%0AError%20message%3A%0A%60%60%60%0ATurbopack%20Error%3A%20Failed%20to%20write%20app%20endpoint%20%2Fpage%0A%60%60%60&labels=Turbopack,Turbopack%20Panic%20Backtrace
-----

Persisting failed: Another write batch or compaction is already active (Only a single write operations is allowed at a time)
